T1428 92771:516.308   SEGGER J-Link V7.52a Log File
T1428 92771:516.403   DLL Compiled: Jul 28 2021 11:08:12
T1428 92771:516.430   Logging started @ 2023-05-05 14:47
T1428 92771:516.452 - 158293.989ms
T1428 92771:520.163 JLINK_ExecCommand("Device = ATSAMD21G18A", ...). 
T1428 92771:520.468   Device "ATSAMD21G18" selected.
T1428 92771:520.888 - 0.689ms returns 0x00
T1428 92771:556.528 
  ***** 
T1428 92771:556.587 API Error: API JLINK_TIF_Select function called before JLINKARM_Open()
T1428 92771:556.621 JLINK_TIF_Select(JLINKARM_TIF_SWD)
T1428 92771:557.352   Looking for J-Link GUI Server exe at: C:\Program Files (x86)\Atmel\Studio\7.0\atbackend\JLinkGUIServer.exe
T1428 92771:557.460   Looking for J-Link GUI Server exe at: \JLinkGUIServer.exe
T1428 92771:856.891   Failed to connect to J-Link GUI Server.
T1428 92773:381.026 - 1824.419ms
T1428 92773:381.049 
  ***** 
T71CC 92773:381.056 JLINK_EMU_GetList(InterfaceMask = 0x00000001, MaxInfos = 0x00000032) 
T1428 92773:381.058   API Error: API JLINK_SetSpeed function called before JLINKARM_Open()
T71CC 92773:381.553 - 0.504ms returns 0
T1428 92773:381.570 JLINK_SetSpeed(4000)
T1428 92773:382.159   Looking for J-Link GUI Server exe at: C:\Program Files (x86)\Atmel\Studio\7.0\atbackend\JLinkGUIServer.exe
T1428 92773:382.252   Looking for J-Link GUI Server exe at: \JLinkGUIServer.exe
T1428 92773:684.215   Failed to connect to J-Link GUI Server.
T1428 92774:261.574 - 880.017ms
T1428 92774:261.601 JLINK_ResetPullsRESET(OFF)
T1428 92774:261.608 - 0.011ms
T1428 92774:261.617 
  ***** T71CC 92774:261.621 JLINK_EMU_GetList(InterfaceMask = 0x00000002, MaxInfos = 0x00000032) 

T1428 92774:261.649   API Error: API JLINK_Connect function called before JLINKARM_Open()
T71CC 92774:284.673 - 23.075ms returns 0
T1428 92774:284.718 JLINK_Connect()
T1428 92774:285.613   Looking for J-Link GUI Server exe at: C:\Program Files (x86)\Atmel\Studio\7.0\atbackend\JLinkGUIServer.exe
T1428 92774:285.707   Looking for J-Link GUI Server exe at: \JLinkGUIServer.exe
T1428 92774:586.020   Failed to connect to J-Link GUI Server.
T1428 92775:765.380 - 1480.676ms
T71CC 92775:765.410 JLINK_EMU_GetList(InterfaceMask = 0x00000001, MaxInfos = 0x00000032) 
T71CC 92775:765.883 - 0.479ms returns 0
T71CC 92775:765.899 JLINK_EMU_GetList(InterfaceMask = 0x00000002, MaxInfos = 0x00000032) 
T71CC 92775:788.729 - 22.848ms returns 0
T1428 92775:788.766 JLINK_ResetPullsRESET(ON)
T1428 92775:788.777 - 0.015ms
T1428 92775:788.787 
  ***** 
T1428 92775:788.796 API Error: API JLINK_ResetNoHalt function called before JLINKARM_Open()
T1428 92775:788.805 JLINK_ResetNoHalt()
T1428 92775:789.530   Looking for J-Link GUI Server exe at: C:\Program Files (x86)\Atmel\Studio\7.0\atbackend\JLinkGUIServer.exe
T1428 92775:789.613   Looking for J-Link GUI Server exe at: \JLinkGUIServer.exe
T1428 92776:090.750   Failed to connect to J-Link GUI Server.
T1428 92776:452.797 - 664.008ms
T1428 92776:453.214 JLINK_EMU_SelectByUSBSN(SerialNo = 801041337)
T1428 92776:453.794 - 0.590ms returns 0xFFFFFFFF
T1428 92776:453.820 JLINK_OpenEx(...)
T1428 92776:454.639   Looking for J-Link GUI Server exe at: C:\Program Files (x86)\Atmel\Studio\7.0\atbackend\JLinkGUIServer.exe
T1428 92776:454.738   Looking for J-Link GUI Server exe at: \JLinkGUIServer.exe
T1428 92776:756.270   Failed to connect to J-Link GUI Server.
T1428 92776:900.406 - 446.599ms returns "Failed to open DLL"
T71CC 92776:900.433 JLINK_EMU_GetList(InterfaceMask = 0x00000001, MaxInfos = 0x00000032) 
T71CC 92776:900.901 - 0.473ms returns 0
T71CC 92776:900.915 JLINK_EMU_GetList(InterfaceMask = 0x00000002, MaxInfos = 0x00000032) 
T71CC 92776:924.268 - 23.369ms returns 0
T1428 92776:924.302 JLINK_ExecCommand("ProjectFile = C:\Users\86184\Desktop\newcode\a11\WINC1500_HTTP_DOWNLOADER_EXAMPLE1\jlink.config", ...). 
T1428 92776:924.608 - 0.313ms returns 0x00
T1428 92776:932.552 JLINK_SetLogFile(...)
T1428 92776:932.566 - 0.017ms
T71CC 92777:974.505 JLINK_EMU_GetList(InterfaceMask = 0x00000001, MaxInfos = 0x00000032) 
T71CC 92777:974.882 - 0.385ms returns 0
T71CC 92777:974.895 JLINK_EMU_GetList(InterfaceMask = 0x00000002, MaxInfos = 0x00000032) 
T71CC 92777:997.304 - 22.435ms returns 0
T71CC 92779:061.566 JLINK_EMU_GetList(InterfaceMask = 0x00000001, MaxInfos = 0x00000032) 
T71CC 92779:061.955 - 0.395ms returns 0
T71CC 92779:061.967 JLINK_EMU_GetList(InterfaceMask = 0x00000002, MaxInfos = 0x00000032) 
T71CC 92779:085.251 - 23.310ms returns 0
T71CC 92780:141.738 JLINK_EMU_GetList(InterfaceMask = 0x00000001, MaxInfos = 0x00000032) 
T71CC 92780:142.110 - 0.377ms returns 0
T71CC 92780:142.122 JLINK_EMU_GetList(InterfaceMask = 0x00000002, MaxInfos = 0x00000032) 
T71CC 92780:164.841 - 22.744ms returns 0
T71CC 92781:212.542 JLINK_EMU_GetList(InterfaceMask = 0x00000001, MaxInfos = 0x00000032) 
T71CC 92781:212.974 - 0.440ms returns 0
T71CC 92781:212.989 JLINK_EMU_GetList(InterfaceMask = 0x00000002, MaxInfos = 0x00000032) 
T71CC 92781:235.970 - 23.009ms returns 0
T71CC 92782:286.097 JLINK_EMU_GetList(InterfaceMask = 0x00000001, MaxInfos = 0x00000032) 
T71CC 92782:286.476 - 0.386ms returns 0
T71CC 92782:286.490 JLINK_EMU_GetList(InterfaceMask = 0x00000002, MaxInfos = 0x00000032) 
T71CC 92782:309.543 - 23.074ms returns 0
T71CC 92783:362.671 JLINK_EMU_GetList(InterfaceMask = 0x00000001, MaxInfos = 0x00000032) 
T71CC 92783:363.044 - 0.381ms returns 0
T71CC 92783:363.058 JLINK_EMU_GetList(InterfaceMask = 0x00000002, MaxInfos = 0x00000032) 
T71CC 92783:386.294 - 23.266ms returns 0
T71CC 92784:431.772 JLINK_EMU_GetList(InterfaceMask = 0x00000001, MaxInfos = 0x00000032) 
T71CC 92784:432.137 - 0.373ms returns 0
T71CC 92784:432.151 JLINK_EMU_GetList(InterfaceMask = 0x00000002, MaxInfos = 0x00000032) 
T71CC 92784:455.174 - 23.046ms returns 0
T71CC 92785:503.934 JLINK_EMU_GetList(InterfaceMask = 0x00000001, MaxInfos = 0x00000032) 
T71CC 92785:504.314 - 0.387ms returns 0
T71CC 92785:504.328 JLINK_EMU_GetList(InterfaceMask = 0x00000002, MaxInfos = 0x00000032) 
T71CC 92785:527.266 - 22.972ms returns 0
T71CC 92786:578.703 JLINK_EMU_GetList(InterfaceMask = 0x00000001, MaxInfos = 0x00000032) 
T71CC 92786:579.078 - 0.383ms returns 0
T71CC 92786:579.093 JLINK_EMU_GetList(InterfaceMask = 0x00000002, MaxInfos = 0x00000032) 
T71CC 92786:602.251 - 23.180ms returns 0
T71CC 92787:653.022 JLINK_EMU_GetList(InterfaceMask = 0x00000001, MaxInfos = 0x00000032) 
T71CC 92787:653.407 - 0.392ms returns 0
T71CC 92787:653.421 JLINK_EMU_GetList(InterfaceMask = 0x00000002, MaxInfos = 0x00000032) 
T71CC 92787:676.256 - 22.867ms returns 0
T71CC 92788:724.995 JLINK_EMU_GetList(InterfaceMask = 0x00000001, MaxInfos = 0x00000032) 
T71CC 92788:725.410 - 0.566ms returns 0
T71CC 92788:725.571 JLINK_EMU_GetList(InterfaceMask = 0x00000002, MaxInfos = 0x00000032) 
T71CC 92788:748.223 - 22.679ms returns 0
T71CC 92789:794.708 JLINK_EMU_GetList(InterfaceMask = 0x00000001, MaxInfos = 0x00000032) 
T71CC 92789:795.081 - 0.381ms returns 0
T71CC 92789:795.095 JLINK_EMU_GetList(InterfaceMask = 0x00000002, MaxInfos = 0x00000032) 
T71CC 92789:817.685 - 22.618ms returns 0
T71CC 92790:866.133 JLINK_EMU_GetList(InterfaceMask = 0x00000001, MaxInfos = 0x00000032) 
T71CC 92790:866.487 - 0.360ms returns 0
T71CC 92790:866.499 JLINK_EMU_GetList(InterfaceMask = 0x00000002, MaxInfos = 0x00000032) 
T71CC 92790:888.957 - 22.475ms returns 0
T71CC 92791:935.850 JLINK_EMU_GetList(InterfaceMask = 0x00000001, MaxInfos = 0x00000032) 
T71CC 92791:936.236 - 0.394ms returns 0
T71CC 92791:936.251 JLINK_EMU_GetList(InterfaceMask = 0x00000002, MaxInfos = 0x00000032) 
T71CC 92791:959.268 - 23.047ms returns 0
T71CC 92793:007.850 JLINK_EMU_GetList(InterfaceMask = 0x00000001, MaxInfos = 0x00000032) 
T71CC 92793:008.209 - 0.365ms returns 0
T71CC 92793:008.220 JLINK_EMU_GetList(InterfaceMask = 0x00000002, MaxInfos = 0x00000032) 
T71CC 92793:031.478 - 23.280ms returns 0
T71CC 92794:080.820 JLINK_EMU_GetList(InterfaceMask = 0x00000001, MaxInfos = 0x00000032) 
T71CC 92794:081.184 - 0.373ms returns 0
T71CC 92794:081.199 JLINK_EMU_GetList(InterfaceMask = 0x00000002, MaxInfos = 0x00000032) 
T71CC 92794:104.295 - 23.119ms returns 0
T71CC 92795:152.155 JLINK_EMU_GetList(InterfaceMask = 0x00000001, MaxInfos = 0x00000032) 
T71CC 92795:152.549 - 0.402ms returns 0
T71CC 92795:152.565 JLINK_EMU_GetList(InterfaceMask = 0x00000002, MaxInfos = 0x00000032) 
T71CC 92795:175.248 - 22.705ms returns 0
T71CC 92796:222.948 JLINK_EMU_GetList(InterfaceMask = 0x00000001, MaxInfos = 0x00000032) 
T71CC 92796:223.313 - 0.374ms returns 0
T71CC 92796:223.328 JLINK_EMU_GetList(InterfaceMask = 0x00000002, MaxInfos = 0x00000032) 
T71CC 92796:245.774 - 22.469ms returns 0
T474C 92840:266.603 JLINK_EMU_GetList(InterfaceMask = 0x00000001, MaxInfos = 0x00000032) 
T474C 92840:267.061 - 0.466ms returns 0
T474C 92840:267.076 JLINK_EMU_GetList(InterfaceMask = 0x00000002, MaxInfos = 0x00000032) 
T474C 92840:290.298 - 23.247ms returns 0
T474C 92841:356.925 JLINK_EMU_GetList(InterfaceMask = 0x00000001, MaxInfos = 0x00000032) 
T474C 92841:357.542 - 0.626ms returns 0
T474C 92841:357.559 JLINK_EMU_GetList(InterfaceMask = 0x00000002, MaxInfos = 0x00000032) 
T474C 92841:380.806 - 23.262ms returns 0
T474C 92842:460.462 JLINK_EMU_GetList(InterfaceMask = 0x00000001, MaxInfos = 0x00000032) 
T474C 92842:460.869 - 0.413ms returns 0
T474C 92842:460.880 JLINK_EMU_GetList(InterfaceMask = 0x00000002, MaxInfos = 0x00000032) 
T474C 92842:483.987 - 23.128ms returns 0
T474C 92843:559.618 JLINK_EMU_GetList(InterfaceMask = 0x00000001, MaxInfos = 0x00000032) 
T474C 92843:560.036 - 0.427ms returns 0
T474C 92843:560.050 JLINK_EMU_GetList(InterfaceMask = 0x00000002, MaxInfos = 0x00000032) 
T474C 92843:582.264 - 22.240ms returns 0
T474C 92844:651.821 JLINK_EMU_GetList(InterfaceMask = 0x00000001, MaxInfos = 0x00000032) 
T474C 92844:652.234 - 0.422ms returns 0
T474C 92844:652.248 JLINK_EMU_GetList(InterfaceMask = 0x00000002, MaxInfos = 0x00000032) 
T474C 92844:674.926 - 22.694ms returns 0
T474C 92845:743.160 JLINK_EMU_GetList(InterfaceMask = 0x00000001, MaxInfos = 0x00000032) 
T474C 92845:743.600 - 0.449ms returns 0
T474C 92845:743.615 JLINK_EMU_GetList(InterfaceMask = 0x00000002, MaxInfos = 0x00000032) 
T474C 92845:766.257 - 22.666ms returns 0
T474C 92846:829.831 JLINK_EMU_GetList(InterfaceMask = 0x00000001, MaxInfos = 0x00000032) 
T474C 92846:830.230 - 0.406ms returns 0
T474C 92846:830.244 JLINK_EMU_GetList(InterfaceMask = 0x00000002, MaxInfos = 0x00000032) 
T474C 92846:852.533 - 22.309ms returns 0
T474C 92847:924.717 JLINK_EMU_GetList(InterfaceMask = 0x00000001, MaxInfos = 0x00000032) 
T474C 92847:925.224 - 0.516ms returns 0
T474C 92847:925.240 JLINK_EMU_GetList(InterfaceMask = 0x00000002, MaxInfos = 0x00000032) 
T474C 92847:948.301 - 23.089ms returns 0
T474C 92849:037.006 JLINK_EMU_GetList(InterfaceMask = 0x00000001, MaxInfos = 0x00000032) 
T474C 92849:037.421 - 0.422ms returns 0
T474C 92849:037.435 JLINK_EMU_GetList(InterfaceMask = 0x00000002, MaxInfos = 0x00000032) 
T474C 92849:060.268 - 22.856ms returns 0
T474C 92850:136.818 JLINK_EMU_GetList(InterfaceMask = 0x00000001, MaxInfos = 0x00000032) 
T474C 92850:137.236 - 0.426ms returns 0
T474C 92850:137.250 JLINK_EMU_GetList(InterfaceMask = 0x00000002, MaxInfos = 0x00000032) 
T474C 92850:160.191 - 22.965ms returns 0
T474C 92851:226.813 JLINK_EMU_GetList(InterfaceMask = 0x00000001, MaxInfos = 0x00000032) 
T474C 92851:227.232 - 0.427ms returns 0
T474C 92851:227.246 JLINK_EMU_GetList(InterfaceMask = 0x00000002, MaxInfos = 0x00000032) 
T474C 92851:249.899 - 22.675ms returns 0
T474C 92852:314.855 JLINK_EMU_GetList(InterfaceMask = 0x00000001, MaxInfos = 0x00000032) 
T474C 92852:315.278 - 0.433ms returns 0
T474C 92852:315.295 JLINK_EMU_GetList(InterfaceMask = 0x00000002, MaxInfos = 0x00000032) 
T474C 92852:337.808 - 22.535ms returns 0
T474C 92853:400.153 JLINK_EMU_GetList(InterfaceMask = 0x00000001, MaxInfos = 0x00000032) 
T474C 92853:400.579 - 0.434ms returns 0
T474C 92853:400.594 JLINK_EMU_GetList(InterfaceMask = 0x00000002, MaxInfos = 0x00000032) 
T474C 92853:423.769 - 23.199ms returns 0
T474C 92854:484.759 JLINK_EMU_GetList(InterfaceMask = 0x00000001, MaxInfos = 0x00000032) 
T474C 92854:485.177 - 0.426ms returns 0
T474C 92854:485.194 JLINK_EMU_GetList(InterfaceMask = 0x00000002, MaxInfos = 0x00000032) 
T474C 92854:508.257 - 23.084ms returns 0
T474C 92855:567.134 JLINK_EMU_GetList(InterfaceMask = 0x00000001, MaxInfos = 0x00000032) 
T474C 92855:567.558 - 0.432ms returns 0
T474C 92855:567.572 JLINK_EMU_GetList(InterfaceMask = 0x00000002, MaxInfos = 0x00000032) 
T474C 92855:590.647 - 23.097ms returns 0
T474C 92856:652.975 JLINK_EMU_GetList(InterfaceMask = 0x00000001, MaxInfos = 0x00000032) 
T474C 92856:653.392 - 0.424ms returns 0
T474C 92856:653.405 JLINK_EMU_GetList(InterfaceMask = 0x00000002, MaxInfos = 0x00000032) 
T474C 92856:675.923 - 22.540ms returns 0
T474C 92857:734.854 JLINK_EMU_GetList(InterfaceMask = 0x00000001, MaxInfos = 0x00000032) 
T474C 92857:735.290 - 0.444ms returns 0
T474C 92857:735.304 JLINK_EMU_GetList(InterfaceMask = 0x00000002, MaxInfos = 0x00000032) 
T474C 92857:758.280 - 23.000ms returns 0
T474C 92858:813.363 JLINK_EMU_GetList(InterfaceMask = 0x00000001, MaxInfos = 0x00000032) 
T474C 92858:813.801 - 0.447ms returns 0
T474C 92858:813.818 JLINK_EMU_GetList(InterfaceMask = 0x00000002, MaxInfos = 0x00000032) 
T474C 92858:836.260 - 22.460ms returns 0
T474C 92859:895.036 JLINK_EMU_GetList(InterfaceMask = 0x00000001, MaxInfos = 0x00000032) 
T474C 92859:895.471 - 0.447ms returns 0
T474C 92859:895.490 JLINK_EMU_GetList(InterfaceMask = 0x00000002, MaxInfos = 0x00000032) 
T474C 92859:918.290 - 22.826ms returns 0
T474C 92860:979.669 JLINK_EMU_GetList(InterfaceMask = 0x00000001, MaxInfos = 0x00000032) 
T474C 92860:980.122 - 0.462ms returns 0
T474C 92860:980.137 JLINK_EMU_GetList(InterfaceMask = 0x00000002, MaxInfos = 0x00000032) 
T474C 92861:003.287 - 23.174ms returns 0
T474C 92862:096.174 JLINK_EMU_GetList(InterfaceMask = 0x00000001, MaxInfos = 0x00000032) 
T474C 92862:096.588 - 0.423ms returns 0
T474C 92862:096.603 JLINK_EMU_GetList(InterfaceMask = 0x00000002, MaxInfos = 0x00000032) 
T474C 92862:119.269 - 22.690ms returns 0
T474C 92863:173.570 JLINK_EMU_GetList(InterfaceMask = 0x00000001, MaxInfos = 0x00000032) 
T474C 92863:173.995 - 0.432ms returns 0
T474C 92863:174.008 JLINK_EMU_GetList(InterfaceMask = 0x00000002, MaxInfos = 0x00000032) 
T474C 92863:197.280 - 23.299ms returns 0
T474C 92864:247.592 JLINK_EMU_GetList(InterfaceMask = 0x00000001, MaxInfos = 0x00000032) 
T474C 92864:248.005 - 0.419ms returns 0
T474C 92864:248.017 JLINK_EMU_GetList(InterfaceMask = 0x00000002, MaxInfos = 0x00000032) 
T474C 92864:271.187 - 23.197ms returns 0
T474C 92865:322.986 JLINK_EMU_GetList(InterfaceMask = 0x00000001, MaxInfos = 0x00000032) 
T474C 92865:323.428 - 0.453ms returns 0
T474C 92865:323.446 JLINK_EMU_GetList(InterfaceMask = 0x00000002, MaxInfos = 0x00000032) 
T474C 92865:346.272 - 22.851ms returns 0
T474C 92866:397.450 JLINK_EMU_GetList(InterfaceMask = 0x00000001, MaxInfos = 0x00000032) 
T474C 92866:397.892 - 0.453ms returns 0
T474C 92866:397.910 JLINK_EMU_GetList(InterfaceMask = 0x00000002, MaxInfos = 0x00000032) 
T474C 92866:421.126 - 23.249ms returns 0
T474C 92867:474.857 JLINK_EMU_GetList(InterfaceMask = 0x00000001, MaxInfos = 0x00000032) 
T474C 92867:475.316 - 0.469ms returns 0
T474C 92867:475.333 JLINK_EMU_GetList(InterfaceMask = 0x00000002, MaxInfos = 0x00000032) 
T474C 92867:498.366 - 23.082ms returns 0
T474C 92868:550.550 JLINK_EMU_GetList(InterfaceMask = 0x00000001, MaxInfos = 0x00000032) 
T474C 92868:550.992 - 0.451ms returns 0
T474C 92868:551.007 JLINK_EMU_GetList(InterfaceMask = 0x00000002, MaxInfos = 0x00000032) 
T474C 92868:574.279 - 23.299ms returns 0
T474C 92869:621.252 JLINK_EMU_GetList(InterfaceMask = 0x00000001, MaxInfos = 0x00000032) 
T474C 92869:621.673 - 0.429ms returns 0
T474C 92869:621.688 JLINK_EMU_GetList(InterfaceMask = 0x00000002, MaxInfos = 0x00000032) 
T474C 92869:644.325 - 22.659ms returns 0
T474C 92870:692.887 JLINK_EMU_GetList(InterfaceMask = 0x00000001, MaxInfos = 0x00000032) 
T474C 92870:693.298 - 0.419ms returns 0
T474C 92870:693.312 JLINK_EMU_GetList(InterfaceMask = 0x00000002, MaxInfos = 0x00000032) 
T474C 92870:716.488 - 23.240ms returns 0
T474C 92871:766.980 JLINK_EMU_GetList(InterfaceMask = 0x00000001, MaxInfos = 0x00000032) 
T474C 92871:767.406 - 0.435ms returns 0
T474C 92871:767.421 JLINK_EMU_GetList(InterfaceMask = 0x00000002, MaxInfos = 0x00000032) 
T474C 92871:790.278 - 22.881ms returns 0
T474C 92872:837.398 JLINK_EMU_GetList(InterfaceMask = 0x00000001, MaxInfos = 0x00000032) 
T474C 92872:837.804 - 0.415ms returns 0
T474C 92872:837.819 JLINK_EMU_GetList(InterfaceMask = 0x00000002, MaxInfos = 0x00000032) 
T474C 92872:860.446 - 22.643ms returns 0
T474C 92873:914.328 JLINK_EMU_GetList(InterfaceMask = 0x00000001, MaxInfos = 0x00000032) 
T474C 92873:914.751 - 0.433ms returns 0
T474C 92873:914.767 JLINK_EMU_GetList(InterfaceMask = 0x00000002, MaxInfos = 0x00000032) 
T474C 92873:937.269 - 22.528ms returns 0
T474C 92874:986.717 JLINK_EMU_GetList(InterfaceMask = 0x00000001, MaxInfos = 0x00000032) 
T474C 92874:987.142 - 0.434ms returns 0
T474C 92874:987.158 JLINK_EMU_GetList(InterfaceMask = 0x00000002, MaxInfos = 0x00000032) 
T474C 92875:009.768 - 22.628ms returns 0
T474C 92876:056.813 JLINK_EMU_GetList(InterfaceMask = 0x00000001, MaxInfos = 0x00000032) 
T474C 92876:057.274 - 0.471ms returns 0
T474C 92876:057.291 JLINK_EMU_GetList(InterfaceMask = 0x00000002, MaxInfos = 0x00000032) 
T474C 92876:080.280 - 23.013ms returns 0
T474C 92877:129.342 JLINK_EMU_GetList(InterfaceMask = 0x00000001, MaxInfos = 0x00000032) 
T474C 92877:129.771 - 0.437ms returns 0
T474C 92877:129.785 JLINK_EMU_GetList(InterfaceMask = 0x00000002, MaxInfos = 0x00000032) 
T474C 92877:153.132 - 23.370ms returns 0
T474C 92878:204.920 JLINK_EMU_GetList(InterfaceMask = 0x00000001, MaxInfos = 0x00000032) 
T474C 92878:205.356 - 0.446ms returns 0
T474C 92878:205.373 JLINK_EMU_GetList(InterfaceMask = 0x00000002, MaxInfos = 0x00000032) 
T474C 92878:228.280 - 22.934ms returns 0
T474C 92879:278.764 JLINK_EMU_GetList(InterfaceMask = 0x00000001, MaxInfos = 0x00000032) 
T474C 92879:279.186 - 0.430ms returns 0
T474C 92879:279.201 JLINK_EMU_GetList(InterfaceMask = 0x00000002, MaxInfos = 0x00000032) 
T474C 92879:302.094 - 22.919ms returns 0
T474C 92880:367.036 JLINK_EMU_GetList(InterfaceMask = 0x00000001, MaxInfos = 0x00000032) 
T474C 92880:367.501 - 0.474ms returns 0
T474C 92880:367.516 JLINK_EMU_GetList(InterfaceMask = 0x00000002, MaxInfos = 0x00000032) 
T474C 92880:390.278 - 22.786ms returns 0
T474C 92881:451.963 JLINK_EMU_GetList(InterfaceMask = 0x00000001, MaxInfos = 0x00000032) 
T474C 92881:452.389 - 0.434ms returns 0
T474C 92881:452.404 JLINK_EMU_GetList(InterfaceMask = 0x00000002, MaxInfos = 0x00000032) 
T474C 92881:474.999 - 22.615ms returns 0
T474C 92882:524.470 JLINK_EMU_GetList(InterfaceMask = 0x00000001, MaxInfos = 0x00000032) 
T474C 92882:524.887 - 0.425ms returns 0
T474C 92882:524.901 JLINK_EMU_GetList(InterfaceMask = 0x00000002, MaxInfos = 0x00000032) 
T474C 92882:547.283 - 22.404ms returns 0
T474C 92883:598.636 JLINK_EMU_GetList(InterfaceMask = 0x00000001, MaxInfos = 0x00000032) 
T474C 92883:599.062 - 0.434ms returns 0
T474C 92883:599.076 JLINK_EMU_GetList(InterfaceMask = 0x00000002, MaxInfos = 0x00000032) 
T474C 92883:622.350 - 23.297ms returns 0
T474C 92884:669.483 JLINK_EMU_GetList(InterfaceMask = 0x00000001, MaxInfos = 0x00000032) 
T474C 92884:669.892 - 0.417ms returns 0
T474C 92884:669.906 JLINK_EMU_GetList(InterfaceMask = 0x00000002, MaxInfos = 0x00000032) 
T474C 92884:692.499 - 22.614ms returns 0
T474C 92885:739.267 JLINK_EMU_GetList(InterfaceMask = 0x00000001, MaxInfos = 0x00000032) 
T474C 92885:739.697 - 0.438ms returns 0
T474C 92885:739.711 JLINK_EMU_GetList(InterfaceMask = 0x00000002, MaxInfos = 0x00000032) 
T474C 92885:762.803 - 23.119ms returns 0
T474C 92886:815.634 JLINK_EMU_GetList(InterfaceMask = 0x00000001, MaxInfos = 0x00000032) 
T474C 92886:816.041 - 0.415ms returns 0
T474C 92886:816.055 JLINK_EMU_GetList(InterfaceMask = 0x00000002, MaxInfos = 0x00000032) 
T474C 92886:838.760 - 22.719ms returns 0
T474C 92887:892.780 JLINK_EMU_GetList(InterfaceMask = 0x00000001, MaxInfos = 0x00000032) 
T474C 92887:893.246 - 0.497ms returns 0
T474C 92887:893.284 JLINK_EMU_GetList(InterfaceMask = 0x00000002, MaxInfos = 0x00000032) 
T474C 92887:916.279 - 23.024ms returns 0
T474C 92888:968.617 JLINK_EMU_GetList(InterfaceMask = 0x00000001, MaxInfos = 0x00000032) 
T474C 92888:969.022 - 0.413ms returns 0
T474C 92888:969.036 JLINK_EMU_GetList(InterfaceMask = 0x00000002, MaxInfos = 0x00000032) 
T474C 92888:992.275 - 23.256ms returns 0
T474C 92890:040.863 JLINK_EMU_GetList(InterfaceMask = 0x00000001, MaxInfos = 0x00000032) 
T474C 92890:041.288 - 0.433ms returns 0
T474C 92890:041.302 JLINK_EMU_GetList(InterfaceMask = 0x00000002, MaxInfos = 0x00000032) 
T474C 92890:064.278 - 23.001ms returns 0
T474C 92891:115.786 JLINK_EMU_GetList(InterfaceMask = 0x00000001, MaxInfos = 0x00000032) 
T474C 92891:116.215 - 0.436ms returns 0
T474C 92891:116.229 JLINK_EMU_GetList(InterfaceMask = 0x00000002, MaxInfos = 0x00000032) 
T474C 92891:139.325 - 23.117ms returns 0
T474C 92892:187.548 JLINK_EMU_GetList(InterfaceMask = 0x00000001, MaxInfos = 0x00000032) 
T474C 92892:187.990 - 0.452ms returns 0
T474C 92892:188.008 JLINK_EMU_GetList(InterfaceMask = 0x00000002, MaxInfos = 0x00000032) 
T474C 92892:211.279 - 23.294ms returns 0
T474C 92893:258.532 JLINK_EMU_GetList(InterfaceMask = 0x00000001, MaxInfos = 0x00000032) 
T474C 92893:258.976 - 0.452ms returns 0
T474C 92893:258.991 JLINK_EMU_GetList(InterfaceMask = 0x00000002, MaxInfos = 0x00000032) 
T474C 92893:282.392 - 23.423ms returns 0
T474C 92894:332.868 JLINK_EMU_GetList(InterfaceMask = 0x00000001, MaxInfos = 0x00000032) 
T474C 92894:333.277 - 0.415ms returns 0
T474C 92894:333.289 JLINK_EMU_GetList(InterfaceMask = 0x00000002, MaxInfos = 0x00000032) 
T474C 92894:356.281 - 23.016ms returns 0
T474C 92895:407.234 JLINK_EMU_GetList(InterfaceMask = 0x00000001, MaxInfos = 0x00000032) 
T474C 92895:407.656 - 0.430ms returns 0
T474C 92895:407.671 JLINK_EMU_GetList(InterfaceMask = 0x00000002, MaxInfos = 0x00000032) 
T474C 92895:430.859 - 23.212ms returns 0
T474C 92896:480.969 JLINK_EMU_GetList(InterfaceMask = 0x00000001, MaxInfos = 0x00000032) 
T474C 92896:481.400 - 0.438ms returns 0
T474C 92896:481.414 JLINK_EMU_GetList(InterfaceMask = 0x00000002, MaxInfos = 0x00000032) 
T474C 92896:504.294 - 22.914ms returns 0
T474C 92897:553.138 JLINK_EMU_GetList(InterfaceMask = 0x00000001, MaxInfos = 0x00000032) 
T474C 92897:553.593 - 0.464ms returns 0
T474C 92897:553.608 JLINK_EMU_GetList(InterfaceMask = 0x00000002, MaxInfos = 0x00000032) 
T474C 92897:576.322 - 22.740ms returns 0
T474C 92898:647.108 JLINK_EMU_GetList(InterfaceMask = 0x00000001, MaxInfos = 0x00000032) 
T474C 92898:647.531 - 0.431ms returns 0
T474C 92898:647.546 JLINK_EMU_GetList(InterfaceMask = 0x00000002, MaxInfos = 0x00000032) 
T474C 92898:670.328 - 22.805ms returns 0
T474C 92899:724.300 JLINK_EMU_GetList(InterfaceMask = 0x00000001, MaxInfos = 0x00000032) 
T474C 92899:724.714 - 0.420ms returns 0
T474C 92899:724.726 JLINK_EMU_GetList(InterfaceMask = 0x00000002, MaxInfos = 0x00000032) 
T474C 92899:747.695 - 22.990ms returns 0
T474C 92900:792.816 JLINK_EMU_GetList(InterfaceMask = 0x00000001, MaxInfos = 0x00000032) 
T474C 92900:793.216 - 0.407ms returns 0
T474C 92900:793.229 JLINK_EMU_GetList(InterfaceMask = 0x00000002, MaxInfos = 0x00000032) 
T474C 92900:815.684 - 22.476ms returns 0
T474C 92901:862.672 JLINK_EMU_GetList(InterfaceMask = 0x00000001, MaxInfos = 0x00000032) 
T474C 92901:863.109 - 0.627ms returns 0
T474C 92901:863.314 JLINK_EMU_GetList(InterfaceMask = 0x00000002, MaxInfos = 0x00000032) 
T474C 92901:885.990 - 22.697ms returns 0
T474C 92902:932.842 JLINK_EMU_GetList(InterfaceMask = 0x00000001, MaxInfos = 0x00000032) 
T474C 92902:933.240 - 0.404ms returns 0
T474C 92902:933.252 JLINK_EMU_GetList(InterfaceMask = 0x00000002, MaxInfos = 0x00000032) 
T474C 92902:956.113 - 22.878ms returns 0
T474C 92904:003.209 JLINK_EMU_GetList(InterfaceMask = 0x00000001, MaxInfos = 0x00000032) 
T474C 92904:003.651 - 0.453ms returns 0
T474C 92904:003.671 JLINK_EMU_GetList(InterfaceMask = 0x00000002, MaxInfos = 0x00000032) 
T474C 92904:026.284 - 22.644ms returns 0
T474C 92905:074.747 JLINK_EMU_GetList(InterfaceMask = 0x00000001, MaxInfos = 0x00000032) 
T474C 92905:075.164 - 0.425ms returns 0
T474C 92905:075.178 JLINK_EMU_GetList(InterfaceMask = 0x00000002, MaxInfos = 0x00000032) 
T474C 92905:098.461 - 23.305ms returns 0
T474C 92906:147.797 JLINK_EMU_GetList(InterfaceMask = 0x00000001, MaxInfos = 0x00000032) 
T474C 92906:148.218 - 0.429ms returns 0
T474C 92906:148.232 JLINK_EMU_GetList(InterfaceMask = 0x00000002, MaxInfos = 0x00000032) 
T474C 92906:171.284 - 23.077ms returns 0
T474C 92907:220.637 JLINK_EMU_GetList(InterfaceMask = 0x00000001, MaxInfos = 0x00000032) 
T474C 92907:221.049 - 0.420ms returns 0
T474C 92907:221.064 JLINK_EMU_GetList(InterfaceMask = 0x00000002, MaxInfos = 0x00000032) 
T474C 92907:243.686 - 22.648ms returns 0
T474C 92908:290.783 JLINK_EMU_GetList(InterfaceMask = 0x00000001, MaxInfos = 0x00000032) 
T474C 92908:291.204 - 0.429ms returns 0
T474C 92908:291.219 JLINK_EMU_GetList(InterfaceMask = 0x00000002, MaxInfos = 0x00000032) 
T474C 92908:313.961 - 22.765ms returns 0
T474C 92909:363.478 JLINK_EMU_GetList(InterfaceMask = 0x00000001, MaxInfos = 0x00000032) 
T474C 92909:363.902 - 0.432ms returns 0
T474C 92909:363.916 JLINK_EMU_GetList(InterfaceMask = 0x00000002, MaxInfos = 0x00000032) 
T474C 92909:386.286 - 22.395ms returns 0
T474C 92910:433.915 JLINK_EMU_GetList(InterfaceMask = 0x00000001, MaxInfos = 0x00000032) 
T474C 92910:434.319 - 0.410ms returns 0
T474C 92910:434.331 JLINK_EMU_GetList(InterfaceMask = 0x00000002, MaxInfos = 0x00000032) 
T474C 92910:457.280 - 22.972ms returns 0
T474C 92911:506.161 JLINK_EMU_GetList(InterfaceMask = 0x00000001, MaxInfos = 0x00000032) 
T474C 92911:506.576 - 0.421ms returns 0
T474C 92911:506.588 JLINK_EMU_GetList(InterfaceMask = 0x00000002, MaxInfos = 0x00000032) 
T474C 92911:529.280 - 22.714ms returns 0
T474C 92912:576.080 JLINK_EMU_GetList(InterfaceMask = 0x00000001, MaxInfos = 0x00000032) 
T474C 92912:576.485 - 0.412ms returns 0
T474C 92912:576.497 JLINK_EMU_GetList(InterfaceMask = 0x00000002, MaxInfos = 0x00000032) 
T474C 92912:599.122 - 22.639ms returns 0
T474C 92913:650.824 JLINK_EMU_GetList(InterfaceMask = 0x00000001, MaxInfos = 0x00000032) 
T474C 92913:651.276 - 0.461ms returns 0
T474C 92913:651.292 JLINK_EMU_GetList(InterfaceMask = 0x00000002, MaxInfos = 0x00000032) 
T474C 92913:674.953 - 23.713ms returns 0
T474C 92914:723.979 JLINK_EMU_GetList(InterfaceMask = 0x00000001, MaxInfos = 0x00000032) 
T474C 92914:724.410 - 0.440ms returns 0
T474C 92914:724.425 JLINK_EMU_GetList(InterfaceMask = 0x00000002, MaxInfos = 0x00000032) 
T474C 92914:747.239 - 22.839ms returns 0
T474C 92915:795.046 JLINK_EMU_GetList(InterfaceMask = 0x00000001, MaxInfos = 0x00000032) 
T474C 92915:795.499 - 0.465ms returns 0
T474C 92915:795.519 JLINK_EMU_GetList(InterfaceMask = 0x00000002, MaxInfos = 0x00000032) 
T474C 92915:818.629 - 23.134ms returns 0
TA180 93720:587.933 JLINK_EMU_GetList(InterfaceMask = 0x00000001, MaxInfos = 0x00000032) 
TA180 93720:588.770   [0]: USB, S/N: 801041337
TA180 93720:588.783 - 0.855ms returns 1
TA180 93720:588.836 JLINK_EMU_GetList(InterfaceMask = 0x00000002, MaxInfos = 0x00000032) 
TA180 93720:612.085 - 23.268ms returns 0
TA180 93721:701.799 JLINK_EMU_GetList(InterfaceMask = 0x00000001, MaxInfos = 0x00000032) 
TA180 93721:702.492   [0]: USB, S/N: 801041337
TA180 93721:702.506 - 0.709ms returns 1
TA180 93721:702.550 JLINK_EMU_GetList(InterfaceMask = 0x00000002, MaxInfos = 0x00000032) 
TA180 93721:725.612 - 23.083ms returns 0
TA180 93722:818.087 JLINK_EMU_GetList(InterfaceMask = 0x00000001, MaxInfos = 0x00000032) 
TA180 93722:818.573   [0]: USB, S/N: 801041337
TA180 93722:818.584 - 0.500ms returns 1
TA180 93722:818.623 JLINK_EMU_GetList(InterfaceMask = 0x00000002, MaxInfos = 0x00000032) 
TA180 93722:841.436 - 22.850ms returns 0
TA180 93723:907.393 JLINK_EMU_GetList(InterfaceMask = 0x00000001, MaxInfos = 0x00000032) 
TA180 93723:907.753 - 0.366ms returns 0
TA180 93723:907.764 JLINK_EMU_GetList(InterfaceMask = 0x00000002, MaxInfos = 0x00000032) 
TA180 93723:930.707 - 22.967ms returns 0
TA180 93724:993.283 JLINK_EMU_GetList(InterfaceMask = 0x00000001, MaxInfos = 0x00000032) 
TA180 93724:993.639 - 0.361ms returns 0
TA180 93724:993.650 JLINK_EMU_GetList(InterfaceMask = 0x00000002, MaxInfos = 0x00000032) 
TA180 93725:016.389 - 22.757ms returns 0
TA180 93726:097.389 JLINK_EMU_GetList(InterfaceMask = 0x00000001, MaxInfos = 0x00000032) 
TA180 93726:098.592 - 1.215ms returns 0
TA180 93726:098.618 JLINK_EMU_GetList(InterfaceMask = 0x00000002, MaxInfos = 0x00000032) 
TA180 93726:123.380 - 24.787ms returns 0
TA180 93727:180.874 JLINK_EMU_GetList(InterfaceMask = 0x00000001, MaxInfos = 0x00000032) 
TA180 93727:181.232 - 0.364ms returns 0
TA180 93727:181.244 JLINK_EMU_GetList(InterfaceMask = 0x00000002, MaxInfos = 0x00000032) 
TA180 93727:204.389 - 23.160ms returns 0
TA180 93728:262.578 JLINK_EMU_GetList(InterfaceMask = 0x00000001, MaxInfos = 0x00000032) 
TA180 93728:262.936 - 0.365ms returns 0
TA180 93728:262.948 JLINK_EMU_GetList(InterfaceMask = 0x00000002, MaxInfos = 0x00000032) 
TA180 93728:285.756 - 22.823ms returns 0
TA180 93729:341.707 JLINK_EMU_GetList(InterfaceMask = 0x00000001, MaxInfos = 0x00000032) 
TA180 93729:342.065 - 0.363ms returns 0
TA180 93729:342.076 JLINK_EMU_GetList(InterfaceMask = 0x00000002, MaxInfos = 0x00000032) 
TA180 93729:364.388 - 22.327ms returns 0
TA180 93730:426.878 JLINK_EMU_GetList(InterfaceMask = 0x00000001, MaxInfos = 0x00000032) 
TA180 93730:427.233 - 0.361ms returns 0
TA180 93730:427.245 JLINK_EMU_GetList(InterfaceMask = 0x00000002, MaxInfos = 0x00000032) 
TA180 93730:449.389 - 22.157ms returns 0
TA180 93731:510.579 JLINK_EMU_GetList(InterfaceMask = 0x00000001, MaxInfos = 0x00000032) 
TA180 93731:510.934 - 0.360ms returns 0
TA180 93731:510.945 JLINK_EMU_GetList(InterfaceMask = 0x00000002, MaxInfos = 0x00000032) 
TA180 93731:533.388 - 22.462ms returns 0
TA180 93732:594.046 JLINK_EMU_GetList(InterfaceMask = 0x00000001, MaxInfos = 0x00000032) 
TA180 93732:594.401 - 0.361ms returns 0
TA180 93732:594.412 JLINK_EMU_GetList(InterfaceMask = 0x00000002, MaxInfos = 0x00000032) 
TA180 93732:616.753 - 22.359ms returns 0
TA180 93733:678.238 JLINK_EMU_GetList(InterfaceMask = 0x00000001, MaxInfos = 0x00000032) 
TA180 93733:678.599 - 0.368ms returns 0
TA180 93733:678.612 JLINK_EMU_GetList(InterfaceMask = 0x00000002, MaxInfos = 0x00000032) 
TA180 93733:701.386 - 22.792ms returns 0
TA180 93734:763.810 JLINK_EMU_GetList(InterfaceMask = 0x00000001, MaxInfos = 0x00000032) 
TA180 93734:764.167 - 0.363ms returns 0
TA180 93734:764.179 JLINK_EMU_GetList(InterfaceMask = 0x00000002, MaxInfos = 0x00000032) 
TA180 93734:786.390 - 22.228ms returns 0
TA180 93735:866.464 JLINK_EMU_GetList(InterfaceMask = 0x00000001, MaxInfos = 0x00000032) 
TA180 93735:866.899 - 0.441ms returns 0
TA180 93735:866.911 JLINK_EMU_GetList(InterfaceMask = 0x00000002, MaxInfos = 0x00000032) 
TA180 93735:889.394 - 22.501ms returns 0
TA180 93736:975.593 JLINK_EMU_GetList(InterfaceMask = 0x00000001, MaxInfos = 0x00000032) 
TA180 93736:975.958 - 0.372ms returns 0
TA180 93736:975.972 JLINK_EMU_GetList(InterfaceMask = 0x00000002, MaxInfos = 0x00000032) 
TA180 93736:998.409 - 22.456ms returns 0
TA180 93738:074.059 JLINK_EMU_GetList(InterfaceMask = 0x00000001, MaxInfos = 0x00000032) 
TA180 93738:074.419 - 0.366ms returns 0
TA180 93738:074.431 JLINK_EMU_GetList(InterfaceMask = 0x00000002, MaxInfos = 0x00000032) 
TA180 93738:097.167 - 22.752ms returns 0
TA180 93739:156.964 JLINK_EMU_GetList(InterfaceMask = 0x00000001, MaxInfos = 0x00000032) 
TA180 93739:157.321 - 0.362ms returns 0
TA180 93739:157.332 JLINK_EMU_GetList(InterfaceMask = 0x00000002, MaxInfos = 0x00000032) 
TA180 93739:180.057 - 22.741ms returns 0
TA180 93740:240.891 JLINK_EMU_GetList(InterfaceMask = 0x00000001, MaxInfos = 0x00000032) 
TA180 93740:241.243 - 0.358ms returns 0
TA180 93740:241.255 JLINK_EMU_GetList(InterfaceMask = 0x00000002, MaxInfos = 0x00000032) 
TA180 93740:264.134 - 22.896ms returns 0
TA180 93741:337.702 JLINK_EMU_GetList(InterfaceMask = 0x00000001, MaxInfos = 0x00000032) 
TA180 93741:338.563   [0]: USB, S/N: 801041337
TA180 93741:338.588 - 0.891ms returns 1
TA180 93741:338.660 JLINK_EMU_GetList(InterfaceMask = 0x00000002, MaxInfos = 0x00000032) 
TA180 93741:362.611 - 23.986ms returns 0
TA180 93742:431.378 JLINK_EMU_GetList(InterfaceMask = 0x00000001, MaxInfos = 0x00000032) 
TA180 93742:431.934   [0]: USB, S/N: 801041337
TA180 93742:431.953 - 0.578ms returns 1
TA180 93742:432.009 JLINK_EMU_GetList(InterfaceMask = 0x00000002, MaxInfos = 0x00000032) 
TA180 93742:454.974 - 22.992ms returns 0
TA180 93743:512.026 JLINK_EMU_GetList(InterfaceMask = 0x00000001, MaxInfos = 0x00000032) 
TA180 93743:512.530   [0]: USB, S/N: 801041337
TA180 93743:512.543 - 0.519ms returns 1
TA180 93743:512.587 JLINK_EMU_GetList(InterfaceMask = 0x00000002, MaxInfos = 0x00000032) 
TA180 93743:535.392 - 22.822ms returns 0
TA180 93744:597.411 JLINK_EMU_GetList(InterfaceMask = 0x00000001, MaxInfos = 0x00000032) 
TA180 93744:597.899   [0]: USB, S/N: 801041337
TA180 93744:597.911 - 0.503ms returns 1
TA180 93744:597.952 JLINK_EMU_GetList(InterfaceMask = 0x00000002, MaxInfos = 0x00000032) 
TA180 93744:620.758 - 22.821ms returns 0
TA180 93745:686.162 JLINK_EMU_GetList(InterfaceMask = 0x00000001, MaxInfos = 0x00000032) 
TA180 93745:686.662   [0]: USB, S/N: 801041337
TA180 93745:686.674 - 0.515ms returns 1
TA180 93745:686.718 JLINK_EMU_GetList(InterfaceMask = 0x00000002, MaxInfos = 0x00000032) 
TA180 93745:709.389 - 22.688ms returns 0
TA180 93746:770.340 JLINK_EMU_GetList(InterfaceMask = 0x00000001, MaxInfos = 0x00000032) 
TA180 93746:770.848   [0]: USB, S/N: 801041337
TA180 93746:770.860 - 0.522ms returns 1
TA180 93746:770.907 JLINK_EMU_GetList(InterfaceMask = 0x00000002, MaxInfos = 0x00000032) 
TA180 93746:793.437 - 22.549ms returns 0
TA180 93747:860.528 JLINK_EMU_GetList(InterfaceMask = 0x00000001, MaxInfos = 0x00000032) 
TA180 93747:861.092   [0]: USB, S/N: 801041337
TA180 93747:861.106 - 0.581ms returns 1
TA180 93747:861.163 JLINK_EMU_GetList(InterfaceMask = 0x00000002, MaxInfos = 0x00000032) 
TA180 93747:884.411 - 23.266ms returns 0
TA180 93748:943.525 JLINK_EMU_GetList(InterfaceMask = 0x00000001, MaxInfos = 0x00000032) 
TA180 93748:944.022   [0]: USB, S/N: 801041337
TA180 93748:944.034 - 0.511ms returns 1
TA180 93748:944.078 JLINK_EMU_GetList(InterfaceMask = 0x00000002, MaxInfos = 0x00000032) 
TA180 93748:966.434 - 22.372ms returns 0
TA180 93750:033.532 JLINK_EMU_GetList(InterfaceMask = 0x00000001, MaxInfos = 0x00000032) 
TA180 93750:034.065   [0]: USB, S/N: 801041337
TA180 93750:034.077 - 0.548ms returns 1
TA180 93750:034.126 JLINK_EMU_GetList(InterfaceMask = 0x00000002, MaxInfos = 0x00000032) 
TA180 93750:056.859 - 22.756ms returns 0
TA180 93751:156.760 JLINK_EMU_GetList(InterfaceMask = 0x00000001, MaxInfos = 0x00000032) 
TA180 93751:157.292   [0]: USB, S/N: 801041337
TA180 93751:157.306 - 0.548ms returns 1
TA180 93751:157.359 JLINK_EMU_GetList(InterfaceMask = 0x00000002, MaxInfos = 0x00000032) 
TA180 93751:180.527 - 23.183ms returns 0
TA180 93752:260.724 JLINK_EMU_GetList(InterfaceMask = 0x00000001, MaxInfos = 0x00000032) 
TA180 93752:261.261   [0]: USB, S/N: 801041337
TA180 93752:261.275 - 0.554ms returns 1
TA180 93752:261.327 JLINK_EMU_GetList(InterfaceMask = 0x00000002, MaxInfos = 0x00000032) 
TA180 93752:283.922 - 22.611ms returns 0
TA180 93753:333.230 JLINK_EMU_GetList(InterfaceMask = 0x00000001, MaxInfos = 0x00000032) 
TA180 93753:333.786   [0]: USB, S/N: 801041337
TA180 93753:333.799 - 0.572ms returns 1
TA180 93753:333.850 JLINK_EMU_GetList(InterfaceMask = 0x00000002, MaxInfos = 0x00000032) 
TA180 93753:356.915 - 23.082ms returns 0
T1428 93753:876.363 JLINK_EMU_SelectByUSBSN(SerialNo = 801041337)
T1428 93753:877.226 - 0.874ms returns 0x00
T1428 93753:877.281 JLINK_OpenEx(...)
T1428 93753:878.789   Firmware: J-Link EDU Mini V1 compiled Aug 10 2021 11:19:22
T1428 93753:879.382   Firmware: J-Link EDU Mini V1 compiled Aug 10 2021 11:19:22
T1428 93753:879.499   Decompressing FW timestamp took 95 us
T1428 93753:892.393   Hardware: V1.00
T1428 93753:892.422   S/N: 801041337
T1428 93753:892.432   OEM: SEGGER
T1428 93753:892.441   Feature(s): FlashBP, GDB
T1428 93753:894.952   TELNET listener socket opened on port 19021
T1428 93753:895.145   WEBSRV Starting webserver
T1428 93753:895.305   WEBSRV Webserver running on local port 19080
T1428 93753:899.820 - 22.544ms returns "O.K."
T1428 93753:900.322 JLINK_GetFirmwareString(...)
T1428 93753:900.330 - 0.011ms
T1428 93753:900.345 JLINK_GetHardwareVersion()
T1428 93753:900.352 - 0.010ms returns 10000
T1428 93753:900.374 JLINK_GetDLLVersion()
T1428 93753:900.380 - 0.009ms returns 75201
T1428 93753:965.341 JLINK_ExecCommand("ProjectFile = C:\Users\86184\Desktop\newcode\a11\WINC1500_HTTP_DOWNLOADER_EXAMPLE1\jlink.config", ...). 
T1428 93753:965.884 - 0.551ms returns 0x00
T1428 93753:971.106 JLINK_SetLogFile(...)
T1428 93753:971.120 - 0.017ms
T1428 93753:974.467 JLINK_ExecCommand("Device = ATSAMD21G18A", ...). 
T1428 93753:974.700   Device "ATSAMD21G18" selected.
T1428 93753:974.932 - 0.456ms returns 0x00
T1428 93753:986.465 JLINK_TIF_Select(JLINKARM_TIF_SWD)
T1428 93753:988.071 - 1.615ms returns 0x00
T1428 93753:988.087 JLINK_SetSpeed(4000)
T1428 93753:988.694 - 0.612ms
T1428 93753:988.704 JLINK_ResetPullsRESET(OFF)
T1428 93753:988.709 - 0.008ms
T1428 93753:988.716 JLINK_Connect()
T1428 93753:989.096   InitTarget() start
T1428 93753:989.108    J-Link Script File: Executing InitTarget()
T1428 93753:989.121   InitTarget()
T1428 93753:992.892   InitTarget() end
T1428 93753:993.945   Found SW-DP with ID 0x0BC11477
T1428 93753:997.043   DPIDR: 0x0BC11477
T1428 93753:997.086   Scanning AP map to find all available APs
T1428 93753:998.070   AP[1]: Stopped AP scan as end of AP map has been reached
T1428 93753:998.091   AP[0]: AHB-AP (IDR: 0x04770031)
T1428 93753:998.106   Iterating through AP map to find AHB-AP to use
T1428 93753:999.332   AP[0]: Core found
T1428 93753:999.348   AP[0]: AHB-AP ROM base: 0x41003000
T1428 93753:999.956   CPUID register: 0x410CC601. Implementer code: 0x41 (ARM)
T1428 93753:999.971   Found Cortex-M0 r0p1, Little endian.
T1428 93754:101.160   -- Max. mem block: 0x000013E0
T1428 93754:101.741   CPU_ReadMem(4 bytes @ 0xE000EDF0)
T1428 93754:102.299   CPU_WriteMem(4 bytes @ 0xE000EDF0)
T1428 93754:102.811   CPU_ReadMem(4 bytes @ 0xE0002000)
T1428 93754:103.333   FPUnit: 4 code (BP) slots and 0 literal slots
T1428 93754:103.345   CPU_ReadMem(4 bytes @ 0xE000EDFC)
T1428 93754:103.823   CPU_WriteMem(4 bytes @ 0xE000EDFC)
T1428 93754:104.348   CPU_ReadMem(4 bytes @ 0xE0001000)
T1428 93754:104.836   CPU_WriteMem(4 bytes @ 0xE0001000)
T1428 93754:105.357   CoreSight components:
T1428 93754:105.374   ROMTbl[0] @ 41003000
T1428 93754:105.386   CPU_ReadMem(64 bytes @ 0x41003000)
T1428 93754:106.295   CPU_ReadMem(32 bytes @ 0xE00FFFE0)
T1428 93754:106.965   ROMTbl[0][0]: E00FF000, CID: B105100D, PID: 000BB4C0 ROM Table
T1428 93754:106.982   ROMTbl[1] @ E00FF000
T1428 93754:106.992   CPU_ReadMem(64 bytes @ 0xE00FF000)
T1428 93754:107.883   CPU_ReadMem(32 bytes @ 0xE000EFE0)
T1428 93754:108.560   ROMTbl[1][0]: E000E000, CID: B105E00D, PID: 000BB008 SCS
T1428 93754:108.571   CPU_ReadMem(32 bytes @ 0xE0001FE0)
T1428 93754:109.243   ROMTbl[1][1]: E0001000, CID: B105E00D, PID: 000BB00A DWT
T1428 93754:109.254   CPU_ReadMem(32 bytes @ 0xE0002FE0)
T1428 93754:109.949   ROMTbl[1][2]: E0002000, CID: B105E00D, PID: 000BB00B FPB
T1428 93754:109.960   CPU_ReadMem(32 bytes @ 0x41006FE0)
T1428 93754:110.681   ROMTbl[0][1]: 41006000, CID: B105900D, PID: 001BB932 MTB-M0+
T1428 93754:110.694 - 121.981ms returns 0x00
T1428 93754:110.741 JLINK_ExecCommand("ExcludeFlashCacheRange 0x0 - 0x40000", ...). 
T1428 93754:110.751 - 0.004ms returns 0x00
T1428 93754:110.765 JLINK_Halt()
T1428 93754:113.864 - 3.103ms returns 0x00
T1428 93754:114.656 JLINK_JTAG_GetDeviceID(DeviceIndex = 0)
T1428 93754:114.669 - 0.016ms returns 0
T1428 93754:114.678 JLINK_ReadMemU32(0x41002018, 0x1 Items)
T1428 93754:114.694   CPU_ReadMem(4 bytes @ 0x41002018)
T1428 93754:115.207   Data:  05 03 01 10
T1428 93754:115.219 - 0.543ms returns 1 (0x1)
T8534 93754:124.348 JLINK_IsHalted()
T8534 93754:124.891 - 0.548ms returns TRUE
T8534 93754:124.904 JLINK_GetMOEs(...)
T8534 93754:124.916   CPU_ReadMem(4 bytes @ 0xE000ED30)
T8534 93754:125.410 - 0.510ms returns 0x01
T8534 93754:125.421 JLINK_ReadReg(R15 (PC))
T8534 93754:125.432 - 0.014ms returns 0x00006948
T1428 93754:179.139 JLINK_BeginDownload(Flags = 0x00000000)
T1428 93754:179.161 - 0.026ms
T1428 93754:179.176 JLINK_WriteMem(0x00000000, 0x2906C Bytes, ...)
T1428 93754:179.183   Data:  38 7D 00 20 2D 8A 01 00 25 8B 01 00 25 8B 01 00 ...
T1428 93754:179.434   completely In flash
T1428 93754:179.594    -- Read from flash cache (168044 bytes @ 0x00000000)
T1428 93754:179.622 - 0.449ms returns 0x2906C
T1428 93754:179.754 JLINK_WriteMem(0x0002906C, 0x300 Bytes, ...)
T1428 93754:179.763   Data:  7D 01 00 00 15 01 00 00 00 00 00 00 00 00 00 00 ...
T1428 93754:179.784   completely In flash
T1428 93754:179.794    -- Read from flash cache (768 bytes @ 0x0002906C)
T1428 93754:179.803 - 0.052ms returns 0x300
T8534 93754:329.386 JLINK_IsHalted()
T8534 93754:329.408 - 0.026ms returns TRUE
T1428 93754:329.952 JLINK_EndDownload()
T1428 93754:330.373   CPU_ReadMem(4 bytes @ 0x41006004)
T1428 93754:330.874   CPU_ReadMem(4 bytes @ 0xE000ED90)
T1428 93754:331.376    -- --------------------------------------
T1428 93754:331.388   Flash bank @ 0x00000000: Default: L2 verify disabled because algorithm performs L1 verify
T1428 93754:331.397    -- Start of determining dirty areas in flash cache
T1428 93754:331.450    -- End of determining dirty areas
T1428 93754:331.459    -- Start of preparing flash programming
T1428 93754:331.468    -- Calculating RAM usage
T1428 93754:331.486    -- RAM usage = 10020 Bytes
T1428 93754:331.494    -- Preserving CPU registers
T1428 93754:331.510    -- Preparing memory
T1428 93754:331.519    -- Preparing target
T1428 93754:331.527    -- Preserving target RAM temporarily used for programming
T1428 93754:395.457    -- Downloading RAMCode
T1428 93754:413.299    -- Preparing RAMCode
T1428 93754:419.302    -- Checking target RAM
T1428 93754:421.499    -- End of preparing flash programming
T1428 93754:421.638   Looking for J-Link GUI Server exe at: C:\Program Files (x86)\Atmel\Studio\7.0\atbackend\JLinkGUIServer.exe
T1428 93754:421.733   Looking for J-Link GUI Server exe at: \JLinkGUIServer.exe
T1428 93754:721.850   Failed to connect to J-Link GUI Server.
T1428 93754:727.532    -- CPU speed could not be measured.
T1428 93754:727.562    -- Start of comparing flash
T1428 93754:727.572    -- CRC check was estimated as fastest method
T1428 93754:727.584    -- Comparing range 0x0000 - 0x1FFFF (512 Sectors, 128 KiB), using multi-block CRC calculation
T1428 93754:782.311    -- CRC does not match for sectors 0-2, 5, 7-8, 23, 29-30, 36-37, 39-44, 46-48, 50-511
T1428 93754:782.347    -- Comparing range 0x20000 - 0x293FF (148 Sectors, 37 KiB), using multi-block CRC calculation
T1428 93754:799.277    -- CRC does not match for sectors 0-147
T1428 93754:799.305    -- Comparing range 0x0300 - 0x04FF (2 Sectors, 512 Bytes), using alternative multi-block CRC calculation
T1428 93754:801.809    -- All CRCs match
T1428 93754:801.833    -- Comparing range 0x0600 - 0x06FF (1 Sector, 256 Bytes), using alternative multi-block CRC calculation
T1428 93754:803.637    -- All CRCs match
T1428 93754:803.657    -- Comparing range 0x0900 - 0x16FF (14 Sectors, 3 KiB), using alternative multi-block CRC calculation
T1428 93754:808.473    -- All CRCs match
T1428 93754:808.498    -- Comparing range 0x1800 - 0x1CFF (5 Sectors, 1 KiB), using alternative multi-block CRC calculation
T1428 93754:811.330    -- All CRCs match
T1428 93754:811.356    -- Comparing range 0x1F00 - 0x23FF (5 Sectors, 1 KiB), using alternative multi-block CRC calculation
T1428 93754:814.075    -- All CRCs match
T1428 93754:814.089    -- Comparing range 0x2600 - 0x26FF (1 Sector, 256 Bytes), using alternative multi-block CRC calculation
T1428 93754:815.908    -- All CRCs match
T1428 93754:815.921    -- Comparing range 0x2D00 - 0x2DFF (1 Sector, 256 Bytes), using alternative multi-block CRC calculation
T1428 93754:817.734    -- All CRCs match
T1428 93754:817.746    -- Comparing range 0x3100 - 0x31FF (1 Sector, 256 Bytes), using alternative multi-block CRC calculation
T1428 93754:819.558    -- All CRCs match
T1428 93754:819.574    -- End of comparing flash
T1428 93754:819.584    -- Start of erasing sectors
T1428 93754:819.596    -- Erasing range 0x00000000 - 0x000002FF (  3 Sectors, 768 Bytes)
T1428 93754:823.417    -- Erasing range 0x00000500 - 0x000005FF (  1 Sector, 256 Bytes)
T1428 93754:825.644    -- Erasing range 0x00000700 - 0x000008FF (  2 Sectors, 512 Bytes)
T1428 93754:828.420    -- Erasing range 0x00001700 - 0x000017FF (  1 Sector, 256 Bytes)
T1428 93754:830.645    -- Erasing range 0x00001D00 - 0x00001EFF (  2 Sectors, 512 Bytes)
T1428 93754:833.413    -- Erasing range 0x00002400 - 0x000025FF (  2 Sectors, 512 Bytes)
T1428 93754:836.190    -- Erasing range 0x00002700 - 0x00002CFF (  6 Sectors, 1 KB)
T1428 93754:842.931    -- Erasing range 0x00002E00 - 0x000030FF (  3 Sectors, 768 Bytes)
T1428 93754:846.857    -- Erasing range 0x00003200 - 0x0000B1FF (128 Sectors, 32 KB)
T1428 93754:966.874    -- Erasing range 0x0000B200 - 0x000131FF (128 Sectors, 32 KB)
T1428 93755:089.433    -- Erasing range 0x00013200 - 0x0001B1FF (128 Sectors, 32 KB)
T1428 93755:213.884    -- Erasing range 0x0001B200 - 0x000231FF (128 Sectors, 32 KB)
T1428 93755:339.577    -- Erasing range 0x00023200 - 0x000293FF ( 98 Sectors, 24 KB)
T1428 93755:432.418    -- End of erasing sectors
T1428 93755:432.447    -- Start of flash programming
T1428 93755:432.460    -- Programming range 0x00000000 - 0x000002FF (  3 Sectors, 768 Bytes)
T1428 93755:432.487    -- Programming range 0x00000500 - 0x000005FF (  1 Sector, 256 Bytes)
T1428 93755:432.505    -- Programming range 0x00000700 - 0x000008FF (  2 Sectors, 512 Bytes)
T1428 93755:440.892    -- Programming range 0x00001700 - 0x000017FF (  1 Sector, 256 Bytes)
T1428 93755:444.750    -- Programming range 0x00001D00 - 0x00001EFF (  2 Sectors, 512 Bytes)
T1428 93755:447.475    -- Programming range 0x00002400 - 0x000025FF (  2 Sectors, 512 Bytes)
T1428 93755:451.406    -- Programming range 0x00002700 - 0x00002CFF (  6 Sectors, 1 KB)
T1428 93755:455.337    -- Programming range 0x00002E00 - 0x000030FF (  3 Sectors, 768 Bytes)
T1428 93755:464.160    -- Programming range 0x00003200 - 0x0000B1FF (128 Sectors, 32 KB)
T1428 93755:617.416    -- Programming range 0x0000B200 - 0x000131FF (128 Sectors, 32 KB)
T1428 93755:785.856    -- Programming range 0x00013200 - 0x0001B1FF (128 Sectors, 32 KB)
T1428 93755:954.165    -- Programming range 0x0001B200 - 0x000231FF (128 Sectors, 32 KB)
T1428 93756:122.470    -- Programming range 0x00023200 - 0x000293FF ( 98 Sectors, 24 KB)
T1428 93756:269.814    -- End of flash programming
T1428 93756:269.846    -- 0x0000 - 0x02FF (  3 Sectors, 768 Bytes)
T1428 93756:269.856    -- 0x0500 - 0x05FF (  1 Sector, 256 Bytes)
T1428 93756:269.866    -- 0x0700 - 0x08FF (  2 Sectors, 512 Bytes)
T1428 93756:269.875    -- 0x1700 - 0x17FF (  1 Sector, 256 Bytes)
T1428 93756:269.885    -- 0x1D00 - 0x1EFF (  2 Sectors, 512 Bytes)
T1428 93756:269.894    -- 0x2400 - 0x25FF (  2 Sectors, 512 Bytes)
T1428 93756:269.911    -- 0x2700 - 0x2CFF (  6 Sectors, 1 KoB)
T1428 93756:269.921    -- 0x2E00 - 0x30FF (  3 Sectors, 768 Bytes)
T1428 93756:269.930    -- 0x3200 - 0x293FF (610 Sectors, 152 KoB)
T1428 93756:269.940    -- Start of restoring
T1428 93756:269.953    -- Restoring RAMCode
T1428 93756:291.317    -- Restoring target memory
T1428 93756:340.215    -- Restore target
T1428 93756:340.245    -- Restore memory
T1428 93756:340.256    -- Restoring CPU registers
T1428 93756:340.277    -- End of restoring
T1428 93756:340.330    -- Bank 0 @ 0x00000000: 9 ranges affected (161280 bytes)
T1428 93756:340.352    -- Total: 2.008s (Prepare: 0.396s, Compare: 0.092s, Erase: 0.612s, Program & Verify: 0.855s, Restore: 0.052s)
T1428 93756:340.377    -- Program & Verify speed: 184 KiB/s
T1428 93756:341.982 - 2012.040ms returns 161280 (0x27600)
T1428 93756:342.539 JLINK_ResetPullsRESET(ON)
T1428 93756:342.552 - 0.015ms
T1428 93756:342.561 JLINK_ResetNoHalt()
T1428 93756:342.926   InitTarget() start
T1428 93756:342.941    J-Link Script File: Executing InitTarget()
T1428 93756:342.955   InitTarget()
T1428 93756:346.970   InitTarget() end
T1428 93756:347.982   Found SW-DP with ID 0x0BC11477
T1428 93756:351.109   DPIDR: 0x0BC11477
T1428 93756:351.130   AP map detection skipped. Manually configured AP map found.
T1428 93756:351.148   AP[0]: AHB-AP (IDR: Not set)
T1428 93756:352.352   AP[0]: Core found
T1428 93756:352.372   AP[0]: AHB-AP ROM base: 0x41003000
T1428 93756:352.981   CPUID register: 0x410CC601. Implementer code: 0x41 (ARM)
T1428 93756:352.997   Found Cortex-M0 r0p1, Little endian.
T1428 93756:453.828   -- Max. mem block: 0x000010C8
T1428 93756:453.864   CPU_ReadMem(4 bytes @ 0xE000EDF0)
T1428 93756:454.371   CPU_ReadMem(4 bytes @ 0xE0002000)
T1428 93756:454.899   FPUnit: 4 code (BP) slots and 0 literal slots
T1428 93756:454.910   CPU_ReadMem(4 bytes @ 0xE000EDFC)
T1428 93756:455.407   CPU_ReadMem(4 bytes @ 0xE0001000)
T1428 93756:455.956   CoreSight components:
T1428 93756:455.971   ROMTbl[0] @ 41003000
T1428 93756:455.980   CPU_ReadMem(64 bytes @ 0x41003000)
T1428 93756:456.898   CPU_ReadMem(32 bytes @ 0xE00FFFE0)
T1428 93756:457.617   ROMTbl[0][0]: E00FF000, CID: B105100D, PID: 000BB4C0 ROM Table
T1428 93756:457.634   ROMTbl[1] @ E00FF000
T1428 93756:457.644   CPU_ReadMem(64 bytes @ 0xE00FF000)
T1428 93756:458.536   CPU_ReadMem(32 bytes @ 0xE000EFE0)
T1428 93756:459.229   ROMTbl[1][0]: E000E000, CID: B105E00D, PID: 000BB008 SCS
T1428 93756:459.241   CPU_WriteMem(4 bytes @ 0xE0001000)
T1428 93756:459.778   CPU_ReadMem(32 bytes @ 0xE0001FE0)
T1428 93756:460.484   ROMTbl[1][1]: E0001000, CID: B105E00D, PID: 000BB00A DWT
T1428 93756:460.503   CPU_ReadMem(32 bytes @ 0xE0002FE0)
T1428 93756:461.222   ROMTbl[1][2]: E0002000, CID: B105E00D, PID: 000BB00B FPB
T1428 93756:461.239   CPU_ReadMem(32 bytes @ 0x41006FE0)
T1428 93756:461.938   ROMTbl[0][1]: 41006000, CID: B105900D, PID: 001BB932 MTB-M0+
T1428 93756:461.960   JLINK_Reset()
T1428 93756:461.970     CPU_ReadMem(4 bytes @ 0x20000000)
T1428 93756:462.511     CPU_WriteMem(4 bytes @ 0x20000000)
T1428 93756:463.043     ResetTarget() start
T1428 93756:463.055      J-Link Script File: Executing ResetTarget()
T1428 93756:463.554     CPU_ReadMem(4 bytes @ 0xE000EDFC)
T1428 93756:464.050     CPU_WriteMem(4 bytes @ 0xE000EDFC)
T1428 93756:464.564     CPU_WriteMem(4 bytes @ 0xE000ED0C)
T1428 93756:466.328     CPU_ReadMem(4 bytes @ 0xE000EDF0)
T1428 93756:466.845     CPU_ReadMem(4 bytes @ 0x41002100)
T1428 93756:467.367     CPU_WriteMem(4 bytes @ 0xE000EDFC)
T1428 93756:467.902     ResetTarget() end
T1428 93756:471.637     CPU_WriteMem(4 bytes @ 0xE0002000)
T1428 93756:472.181     CPU_ReadMem(4 bytes @ 0xE000EDFC)
T1428 93756:472.712     CPU_ReadMem(4 bytes @ 0xE0001000)
T1428 93756:473.302     CPU_WriteMem(4 bytes @ 0xE0001000)
T1428 93756:473.830   - 11.879ms
T1428 93756:473.845   JLINK_Go()
T1428 93756:473.856     CPU_ReadMem(4 bytes @ 0xE0001000)
T1428 93756:474.370     CPU_WriteMem(4 bytes @ 0xE0001000)
T1428 93756:474.928     CPU_WriteMem(4 bytes @ 0xE0001004)
T1428 93756:476.108   - 2.274ms
T1428 93756:476.124 - 133.566ms
TA180 93756:476.142 JLINK_EMU_GetList(InterfaceMask = 0x00000001, MaxInfos = 0x00000032) 
TA180 93756:476.927   [0]: USB, S/N: 801041337
TA180 93756:476.942 - 0.803ms returns 1
TA180 93756:477.008 JLINK_EMU_GetList(InterfaceMask = 0x00000002, MaxInfos = 0x00000032) 
TA180 93756:500.458 - 23.475ms returns 0
T1428 93756:500.500 JLINK_Close()
T1428 93756:527.247 - 26.778ms
T1428 93756:527.286   
T1428 93756:527.296   Closed
